Total Instructions: 108585

RAS: (Correct - Incorrect)
RAS (16 entries): 1870 0

Branch Predictors: (Name - Correct - Incorrect)
  Static AlwaysTaken: 7371 9239
  Static BTFNT: 11351 5259
  Nbit-8K-4: 14013 2597
  Pentium-M: 14493 2117
  Local History Two Level Predictor(BHT entries=2048, BHT length=8): 14467 2143
  Local History Two Level Predictor(BHT entries=4096, BHT length=4): 14433 2177
  Local History Two Level Predictor(BHT entries=8192, BHT length=2): 14663 1947
  Global History Two Level Predictor (entries=16384, nbit=2): 14962 1648
  Global History Two Level Predictor (entries=8192, nbit=4): 13713 2897
  Alpha 21264: 14667 1943
  Tournament Hybrid Predictor
| Meta : Nbit-1K-2
| Pred0: Nbit-8K-2
| Pred1: Nbit-4K-4
: 14926 1684
  Tournament Hybrid Predictor
| Meta : Nbit-2K-2
| Pred0: Nbit-8K-2
| Pred1: Global History Two Level Predictor (entries=8192, nbit=2)
: 15045 1565
  Tournament Hybrid Predictor
| Meta : Nbit-2K-2
| Pred0: Nbit-8K-2
| Pred1: Local History Two Level Predictor(BHT entries=4096, BHT length=2)
: 15003 1607
  Tournament Hybrid Predictor
| Meta : Nbit-2K-2
| Pred0: Local History Two Level Predictor(BHT entries=4096, BHT length=2)
| Pred1: Global History Two Level Predictor (entries=8192, nbit=2)
: 14766 1844
  Tournament Hybrid Predictor
| Meta : Nbit-2K-2
| Pred0: Global History Two Level Predictor (entries=8192, nbit=2)
| Pred1: Global History Two Level Predictor (entries=4096, nbit=4)
: 14975 1635
  Tournament Hybrid Predictor
| Meta : Nbit-2K-2
| Pred0: Local History Two Level Predictor(BHT entries=4096, BHT length=2)
| Pred1: Local History Two Level Predictor(BHT entries=2048, BHT length=4)
: 14740 1870

BTB Predictors: (Name - Correct - Incorrect - TargetCorrect)
